<?xml version="1.0" encoding="UTF-8"?>
<testsuite name="br.com.globallabs.exemplogradle.ExemploGradleApplicationTests" tests="1" skipped="0" failures="0" errors="0" timestamp="2021-05-20T14:34:15" hostname="fuhr" time="0.134">
  <properties/>
  <testcase name="contextLoads()" classname="br.com.globallabs.exemplogradle.ExemploGradleApplicationTests" time="0.134"/>
  <system-out><![CDATA[11:34:14.289 [Test worker] DEBUG org.springframework.test.context.BootstrapUtils - Instantiating CacheAwareContextLoaderDelegate from class [org.springframework.test.context.cache.DefaultCacheAwareContextLoaderDelegate]
11:34:14.296 [Test worker] DEBUG org.springframework.test.context.BootstrapUtils - Instantiating BootstrapContext using constructor [public org.springframework.test.context.support.DefaultBootstrapContext(java.lang.Class,org.springframework.test.context.CacheAwareContextLoaderDelegate)]
11:34:14.322 [Test worker] DEBUG org.springframework.test.context.BootstrapUtils - Instantiating TestContextBootstrapper for test class [br.com.globallabs.exemplogradle.ExemploGradleApplicationTests] from class [org.springframework.boot.test.context.SpringBootTestContextBootstrapper]
11:34:14.332 [Test worker] INFO org.springframework.boot.test.context.SpringBootTestContextBootstrapper - Neither @ContextConfiguration nor @ContextHierarchy found for test class [br.com.globallabs.exemplogradle.ExemploGradleApplicationTests], using SpringBootContextLoader
11:34:14.334 [Test worker] DEBUG org.springframework.test.context.support.AbstractContextLoader - Did not detect default resource location for test class [br.com.globallabs.exemplogradle.ExemploGradleApplicationTests]: class path resource [br/com/globallabs/exemplogradle/ExemploGradleApplicationTests-context.xml] does not exist
11:34:14.334 [Test worker] DEBUG org.springframework.test.context.support.AbstractContextLoader - Did not detect default resource location for test class [br.com.globallabs.exemplogradle.ExemploGradleApplicationTests]: class path resource [br/com/globallabs/exemplogradle/ExemploGradleApplicationTestsContext.groovy] does not exist
11:34:14.334 [Test worker] INFO org.springframework.test.context.support.AbstractContextLoader - Could not detect default resource locations for test class [br.com.globallabs.exemplogradle.ExemploGradleApplicationTests]: no resource found for suffixes {-context.xml, Context.groovy}.
11:34:14.335 [Test worker] INFO org.springframework.test.context.support.AnnotationConfigContextLoaderUtils - Could not detect default configuration classes for test class [br.com.globallabs.exemplogradle.ExemploGradleApplicationTests]: ExemploGradleApplicationTests does not declare any static, non-private, non-final, nested classes annotated with @Configuration.
11:34:14.356 [Test worker] DEBUG org.springframework.test.context.support.ActiveProfilesUtils - Could not find an 'annotation declaring class' for annotation type [org.springframework.test.context.ActiveProfiles] and class [br.com.globallabs.exemplogradle.ExemploGradleApplicationTests]
11:34:14.383 [Test worker] DEBUG org.springframework.context.annotation.ClassPathScanningCandidateComponentProvider - Identified candidate component class: file [/home/fuhr/Documentos/Java/java-spring/primeiro-projeto/exemplo-gradle/exemplo-gradle/build/classes/java/main/br/com/globallabs/exemplogradle/ExemploGradleApplication.class]
11:34:14.383 [Test worker] INFO org.springframework.boot.test.context.SpringBootTestContextBootstrapper - Found @SpringBootConfiguration br.com.globallabs.exemplogradle.ExemploGradleApplication for test class br.com.globallabs.exemplogradle.ExemploGradleApplicationTests
11:34:14.425 [Test worker] DEBUG org.springframework.boot.test.context.SpringBootTestContextBootstrapper - @TestExecutionListeners is not present for class [br.com.globallabs.exemplogradle.ExemploGradleApplicationTests]: using defaults.
11:34:14.425 [Test worker] INFO org.springframework.boot.test.context.SpringBootTestContextBootstrapper - Loaded default TestExecutionListener class names from location [META-INF/spring.factories]: [org.springframework.boot.test.autoconfigure.restdocs.RestDocsTestExecutionListener, org.springframework.boot.test.autoconfigure.web.client.MockRestServiceServerResetTestExecutionListener, org.springframework.boot.test.autoconfigure.web.servlet.MockMvcPrintOnlyOnFailureTestExecutionListener, org.springframework.boot.test.autoconfigure.web.servlet.WebDriverTestExecutionListener, org.springframework.boot.test.autoconfigure.webservices.client.MockWebServiceServerTestExecutionListener, org.springframework.boot.test.mock.mockito.MockitoTestExecutionListener, org.springframework.boot.test.mock.mockito.ResetMocksTestExecutionListener, org.springframework.test.context.web.ServletTestExecutionListener, org.springframework.test.context.support.DirtiesContextBeforeModesTestExecutionListener, org.springframework.test.context.event.ApplicationEventsTestExecutionListener, org.springframework.test.context.support.DependencyInjectionTestExecutionListener, org.springframework.test.context.support.DirtiesContextTestExecutionListener, org.springframework.test.context.transaction.TransactionalTestExecutionListener, org.springframework.test.context.jdbc.SqlScriptsTestExecutionListener, org.springframework.test.context.event.EventPublishingTestExecutionListener]
11:34:14.430 [Test worker] DEBUG org.springframework.boot.test.context.SpringBootTestContextBootstrapper - Skipping candidate TestExecutionListener [org.springframework.test.context.transaction.TransactionalTestExecutionListener] due to a missing dependency. Specify custom listener classes or make the default listener classes and their required dependencies available. Offending class: [org/springframework/transaction/interceptor/TransactionAttributeSource]
11:34:14.431 [Test worker] DEBUG org.springframework.boot.test.context.SpringBootTestContextBootstrapper - Skipping candidate TestExecutionListener [org.springframework.test.context.jdbc.SqlScriptsTestExecutionListener] due to a missing dependency. Specify custom listener classes or make the default listener classes and their required dependencies available. Offending class: [org/springframework/transaction/interceptor/TransactionAttribute]
11:34:14.431 [Test worker] INFO org.springframework.boot.test.context.SpringBootTestContextBootstrapper - Using TestExecutionListeners: [org.springframework.test.context.web.ServletTestExecutionListener@1545400, org.springframework.test.context.support.DirtiesContextBeforeModesTestExecutionListener@57ee6086, org.springframework.test.context.event.ApplicationEventsTestExecutionListener@6887953c, org.springframework.boot.test.mock.mockito.MockitoTestExecutionListener@2b25f1af, org.springframework.boot.test.autoconfigure.SpringBootDependencyInjectionTestExecutionListener@872449f, org.springframework.test.context.support.DirtiesContextTestExecutionListener@2c3cff47, org.springframework.test.context.event.EventPublishingTestExecutionListener@78c6b189, org.springframework.boot.test.autoconfigure.restdocs.RestDocsTestExecutionListener@7cea9fb7, org.springframework.boot.test.autoconfigure.web.client.MockRestServiceServerResetTestExecutionListener@66266a09, org.springframework.boot.test.autoconfigure.web.servlet.MockMvcPrintOnlyOnFailureTestExecutionListener@2dab674d, org.springframework.boot.test.autoconfigure.web.servlet.WebDriverTestExecutionListener@60acd188, org.springframework.boot.test.autoconfigure.webservices.client.MockWebServiceServerTestExecutionListener@4813ed0d, org.springframework.boot.test.mock.mockito.ResetMocksTestExecutionListener@1d30a024]
11:34:14.433 [Test worker] DEBUG org.springframework.test.context.support.AbstractDirtiesContextTestExecutionListener - Before test class: context [DefaultTestContext@635fc29c testClass = ExemploGradleApplicationTests, testInstance = [null], testMethod = [null], testException = [null], mergedContextConfiguration = [WebMergedContextConfiguration@6bb4be3e testClass = ExemploGradleApplicationTests, locations = '{}', classes = '{class br.com.globallabs.exemplogradle.ExemploGradleApplication}', contextInitializerClasses = '[]', activeProfiles = '{}', propertySourceLocations = '{}', propertySourceProperties = '{org.springframework.boot.test.context.SpringBootTestContextBootstrapper=true}', contextCustomizers = set[org.springframework.boot.test.autoconfigure.actuate.metrics.MetricsExportContextCustomizerFactory$DisableMetricExportContextCustomizer@380312b, org.springframework.boot.test.autoconfigure.properties.PropertyMappingContextCustomizer@0, org.springframework.boot.test.autoconfigure.web.servlet.WebDriverContextCustomizerFactory$Customizer@1044a9e, org.springframework.boot.test.context.filter.ExcludeFilterContextCustomizer@ecf925, org.springframework.boot.test.json.DuplicateJsonObjectContextCustomizerFactory$DuplicateJsonObjectContextCustomizer@3e913950, org.springframework.boot.test.mock.mockito.MockitoContextCustomizer@0, org.springframework.boot.test.web.client.TestRestTemplateContextCustomizer@d40feaa, org.springframework.boot.test.context.SpringBootTestArgs@1, org.springframework.boot.test.context.SpringBootTestWebEnvironment@3958ecbe], resourceBasePath = 'src/main/webapp', contextLoader = 'org.springframework.boot.test.context.SpringBootContextLoader', parent = [null]], attributes = map['org.springframework.test.context.web.ServletTestExecutionListener.activateListener' -> true]], class annotated with @DirtiesContext [false] with mode [null].
11:34:14.447 [Test worker] DEBUG org.springframework.test.context.support.TestPropertySourceUtils - Adding inlined properties to environment: {spring.jmx.enabled=false, org.springframework.boot.test.context.SpringBootTestContextBootstrapper=true}

  .   ____          _            __ _ _
 /\\ / ___'_ __ _ _(_)_ __  __ _ \ \ \ \
( ( )\___ | '_ | '_| | '_ \/ _` | \ \ \ \
 \\/  ___)| |_)| | | | | || (_| |  ) ) ) )
  '  |____| .__|_| |_|_| |_\__, | / / / /
 =========|_|==============|___/=/_/_/_/
 :: Spring Boot ::                (v2.4.5)

2021-05-20 11:34:14.582  INFO 6740 --- [    Test worker] b.c.g.e.ExemploGradleApplicationTests    : Starting ExemploGradleApplicationTests using Java 11.0.11 on fuhr with PID 6740 (started by fuhr in /home/fuhr/Documentos/Java/java-spring/primeiro-projeto/exemplo-gradle/exemplo-gradle)
2021-05-20 11:34:14.584  INFO 6740 --- [    Test worker] b.c.g.e.ExemploGradleApplicationTests    : No active profile set, falling back to default profiles: default
2021-05-20 11:34:15.129  INFO 6740 --- [    Test worker] o.s.s.concurrent.ThreadPoolTaskExecutor  : Initializing ExecutorService 'applicationTaskExecutor'
2021-05-20 11:34:15.261  INFO 6740 --- [    Test worker] b.c.g.e.ExemploGradleApplicationTests    : Started ExemploGradleApplicationTests in 0.81 seconds (JVM running for 1.392)
]]></system-out>
  <system-err><![CDATA[]]></system-err>
</testsuite>
